<?xml version="1.0" encoding="UTF-8" standalone="no"?><testsuite errors="0" failures="0" name="13X. (1) Öffentliche Räume (Pro Spec) [V3]" skipped="0" tests="7" time="560.09" timestamp="2026-06-22 12:37:59"><testcase name="13X.01.01 Öffentliche Räume - Raum - User erstellt öffentlichen Raum"/><testcase name="13X.01.02 Öffentliche Räume - Raum - Nachrichtenempfang für öffentliche Räume "/><testcase name="13X.01.03 Öffentliche Räume - Raum - Nachrichtenempfang für öffentliche Räume (world readable)"/><testcase name="13X.01.04 Öffentliche Räume - Raum - User anderer Home Server kann öffentlichen Raum nicht finden"/><testcase name="13X.01.05 Öffentliche Räume - Raum - Nachträgliches Erzeugen öffentlicher Räume "/><testcase name="13X.01.06 Öffentliche Räume - Chat - Nachträgliches Erzeugen öffentlicher Räume "/><testcase name="13X.01.07 Öffentliche Räume - Raum - Deaktivierung der Verschlüsselung beim Anlegen von Räumen "/></testsuite>