<?xml version="1.0" encoding="UTF-8" standalone="no"?><testsuite errors="0" failures="0" name="14X. (1) Löschen von Inhalten (Basis Spec) [V3]" skipped="0" tests="24" time="2267.7" timestamp="2026-06-21 10:04:41"><testcase name="14X.01.01 Löschen von Inhalten - Chat - Löschen von Nachrichten durch redact (gleicher HomeServer)"/><testcase name="14X.01.02 Löschen von Inhalten - Raum - Löschen von Nachrichten durch redact (gleicher HomeServer)"/><testcase name="14X.01.03 Löschen von Inhalten - Chat - Löschen von Nachrichten durch redact (unterschiedlicher HomeServer)"/><testcase name="14X.01.04 Löschen von Inhalten - Raum - Löschen von Nachrichten durch redact (unterschiedlicher HomeServer)"/><testcase name="14X.01.05 Löschen von Inhalten - Chat - Löschen von geänderten Nachrichten durch redact (gleicher HomeServer)"/><testcase name="14X.01.06 Löschen von Inhalten - Raum - Löschen von geänderter Nachrichten durch redact (gleicher HomeServer)"/><testcase name="14X.01.07 Löschen von Inhalten - Chat - Löschen von geänderter Nachrichten durch redact (unterschiedlicher HomeServer)"/><testcase name="14X.01.08 Löschen von Inhalten - Raum - Löschen von geänderter Nachrichten durch redact (unterschiedlicher HomeServer)"/><testcase name="14X.01.09 Löschen von Inhalten - Chat - Vom User durch redact gelöschte Nachricht wird auch lokal gelöscht (unterschiedlicher HomeServer)"/><testcase name="14X.01.10 Löschen von Inhalten - Raum - Vom User durch redact gelöschte Nachricht wird auch lokal gelöscht (unterschiedlicher HomeServer)"/><testcase name="14X.01.11 Löschen von Inhalten - Chat - Von anderen User durch redact gelöschte Nachricht wird auch lokal gelöscht (unterschiedlicher HomeServer)"/><testcase name="14X.01.12 Löschen von Inhalten - Raum - Von anderen User durch redact gelöschte Nachricht wird auch lokal gelöscht (unterschiedlicher HomeServer)"/><testcase name="14X.01.13 Löschen von Inhalten - Chat - Löschen von m.file Nachrichten durch redact (gleicher HomeServer)"/><testcase name="14X.01.14 Löschen von Inhalten - Raum - Löschen von m.file Nachrichten durch redact (gleicher HomeServer)"/><testcase name="14X.01.15 Löschen von Inhalten - Chat - Löschen von m.file Nachrichten durch redact (unterschiedlicher HomeServer)"/><testcase name="14X.01.16 Löschen von Inhalten - Raum - Löschen von m.file Nachrichten durch redact (unterschiedlicher HomeServer)"/><testcase name="14X.01.17 Löschen von Inhalten - Chat - Löschen von Nachrichten durch replace (gleicher HomeServer)"/><testcase name="14X.01.18 Löschen von Inhalten - Raum - Löschen von Nachrichten durch replace (gleicher HomeServer)"/><testcase name="14X.01.19 Löschen von Inhalten - Chat - Löschen von Nachrichten durch replace (unterschiedlicher HomeServer)"/><testcase name="14X.01.20 Löschen von Inhalten - Raum - Löschen von Nachrichten durch replace (unterschiedlicher HomeServer)"/><testcase name="14X.01.21 Löschen von Inhalten - Chat - Löschen von geänderten Nachrichten durch replace (gleicher HomeServer)"/><testcase name="14X.01.22 Löschen von Inhalten - Raum - Löschen von geänderter Nachrichten durch replace (gleicher HomeServer)"/><testcase name="14X.01.23 Löschen von Inhalten - Chat - Löschen von geänderter Nachrichten durch replace (unterschiedlicher HomeServer)"/><testcase name="14X.01.24 Löschen von Inhalten - Raum - Löschen von geänderter Nachrichten durch replace (unterschiedlicher HomeServer)"/></testsuite>