<?xml version="1.0" encoding="UTF-8" standalone="no"?><testsuite errors="0" failures="0" name="16X (1) Room History Visibility (Basis Spec) [V3]" skipped="0" tests="12" time="1146.6" timestamp="2026-06-21 09:22:53"><testcase name="16X.01.01 Room History Visibility - Chat - Standardeinstellungen beim Anlegen von Räumen"/><testcase name="16X.01.02 Room History Visibility - Raum - Standardeinstellungen beim Anlegen von Räumen"/><testcase name="16X.01.03 Room History Visibility - Chat - Room History Visibility &quot;Joined&quot; auf dem gleichen HomeServer"/><testcase name="16X.01.04 Room History Visibility - Raum - Room History Visibility &quot;Joined&quot; auf dem gleichen HomeServer"/><testcase name="16X.01.05 Room History Visibility - Chat - Room History Visibility &quot;Joined&quot; auf unterschiedlichen HomeServern"/><testcase name="16X.01.06 Room History Visibility - Raum - Room History Visibility &quot;Joined&quot; auf unterschiedlichen HomeServern"/><testcase name="16X.01.07 Room History Visibility - Chat - Room History Visibility &quot;invited&quot; auf dem gleichen HomeServer"/><testcase name="16X.01.08 Room History Visibility - Raum - Room History Visibility &quot;invited&quot; auf dem gleichen HomeServer"/><testcase name="16X.01.09 Room History Visibility - Chat - Room History Visibility &quot;invited&quot; auf unterschiedlichen HomeServern"/><testcase name="16X.01.10 Room History Visibility - Raum - Room History Visibility &quot;invited&quot; auf unterschiedlichen HomeServern"/><testcase name="16X.01.13 Room History Visibility - Raum - Room History Visibility Mixed Mode &quot;Joined&quot; &amp; &quot;Invited&quot; auf dem gleichen HomeServer"/><testcase name="16X.01.14 Room History Visibility - Raum - Room History Visibility Mixed Mode &quot;Joined&quot; &amp; &quot;Invited&quot; auf unterschiedlichen HomeServern"/></testsuite>