<?xml version="1.0" encoding="UTF-8" standalone="no"?><testsuite errors="0" failures="0" name="03. (1) Föderationszugehörigkeit eines Messenger-Service prüfen (Basis Spec) [V3]" skipped="0" tests="2" time="68.35" timestamp="2026-06-21 08:05:52"><testcase name="03.01.01 Föderationszugehörigkeit prüfen - Chat - Test-Client &quot;A&quot; versucht User außerhalb der Föderation einzuladen "/><testcase name="03.01.02 Föderationszugehörigkeit prüfen - Raum - Test-Client &quot;A&quot; versucht User außerhalb der Föderation einzuladen "/></testsuite>