<?xml version="1.0" encoding="UTF-8" standalone="no"?><testsuite errors="0" failures="0" name="5.1.5 (3) Einladung von Akteuren innerhalb einer Organisation (Pro Spec) [V3]" skipped="0" tests="4" time="294.25" timestamp="2026-06-21 07:26:39"><testcase name="05.03.01 Einladung innerhalb einer Organisation - Chat - AllowAll - HBA User lädt anderen User ein"/><testcase name="05.03.02 Einladung innerhalb einer Organisation - Raum - AllowAll - HBA User lädt anderen User ein"/><testcase name="05.03.03 Einladung innerhalb einer Organisation - Chat - BlockAll - HBA User lädt anderen User ein"/><testcase name="05.03.04 Einladung innerhalb einer Organisation - Raum - BlockAll - HBA User lädt anderen User ein"/></testsuite>