<?xml version="1.0" encoding="UTF-8" standalone="no"?><testsuite errors="0" failures="0" name="17X. (1) Verlassen und Vergessen von Räumen (Basis Spec) [V3]" skipped="0" tests="8" time="660.16" timestamp="2026-06-21 07:33:42"><testcase name="17X.01.01 Verlassen und Vergessen von Räumen - Chat - User verlässt Chat (gleicher HomeServer)"/><testcase name="17X.01.02 Verlassen und Vergessen von Räumen - Raum - User verlässt Raum (gleicher HomeServer)"/><testcase name="17X.01.03 Verlassen und Vergessen von Räumen - Chat - User verlässt Chat (unterschiedlicher HomeServer)"/><testcase name="17X.01.04 Verlassen und Vergessen von Räumen - Raum - User verlässt Raum (unterschiedlicher HomeServer)"/><testcase name="17X.01.05 Verlassen und Vergessen von Räumen - Chat - User löscht/vergisst Chat (gleicher HomeServer)"/><testcase name="17X.01.06 Verlassen und Vergessen von Räumen - Raum - User löscht/vergisst Raum (gleicher HomeServer)"/><testcase name="17X.01.07 Verlassen und Vergessen von Räumen - Chat - User löscht/vergisst Chat (unterschiedlicher HomeServer)"/><testcase name="17X.01.08 Verlassen und Vergessen von Räumen - Raum - User löscht/vergisst Raum (unterschiedlicher HomeServer)"/></testsuite>