<?xml version="1.0" encoding="UTF-8" standalone="no"?><testsuite errors="0" failures="0" name="11X. (1) Message Types (Basis Spec) [V3]" skipped="0" tests="8" time="638.98" timestamp="2026-06-21 07:06:03"><testcase name="11X.01.01 Message Types - Chat - AllowAll - Org-User sendet Nachricht (m.text) an anderen Org-User"/><testcase name="11X.01.02 Message Types - Raum - AllowAll - Org-User sendet Nachricht (m.text) an anderen Org-User"/><testcase name="11X.01.03 Message Types - Chat - AllowAll - Org-User sendet ein m.file Attachment (txt) über Matrix-Protokoll v1.11 an Org-User"/><testcase name="11X.01.04 Message Types - Raum - AllowAll - Org-User sendet ein m.file Attachment (txt) über Matrix-Protokoll v1.11 an Org-User"/><testcase name="11X.01.05 Message Types - Chat - AllowAll - Org-User sendet ein m.file Attachment (pdf) über Matrix-Protokoll v1.11 an Org-User"/><testcase name="11X.01.06 Message Types - Raum - AllowAll - Org-User sendet ein m.file Attachment (pdf) über Matrix-Protokoll v1.11 an Org-User"/><testcase name="11X.01.07 Message Types - Chat - AllowAll - Org-User sendet ein m.file Attachment (zip) über Matrix-Protokoll v1.11 an Org-User"/><testcase name="11X.01.08 Message Types - Raum - AllowAll - Org-User sendet ein m.file Attachment (zip) über Matrix-Protokoll v1.11 an Org-User"/></testsuite>