<?xml version="1.0" encoding="UTF-8" standalone="no"?><testsuite errors="0" failures="0" name="5.1.6 (4) Austausch von Events zwischen Akteuren außerhalb einer Organisation (Basis Spec) [V3]" skipped="0" tests="2" time="186.22" timestamp="2026-06-21 08:09:42"><testcase name="06.04.01 Austausch von Events außerhalb einer Organisation - Chat - AllowAll - HBA User schreibt HBA User"/><testcase name="06.04.02 Austausch von Events außerhalb einer Organisation - Chat - AllowAll - HBA User schreibt HBA User"/></testsuite>